TN:
SF:src/commandFunctions.ts
FN:10,(anonymous_0)
FN:20,(anonymous_1)
FN:47,(anonymous_2)
FN:67,(anonymous_3)
FN:87,(anonymous_4)
FN:90,(anonymous_5)
FN:107,(anonymous_6)
FNF:7
FNH:7
FNDA:1,(anonymous_0)
FNDA:3,(anonymous_1)
FNDA:1,(anonymous_2)
FNDA:1,(anonymous_3)
FNDA:1,(anonymous_4)
FNDA:2,(anonymous_5)
FNDA:1,(anonymous_6)
DA:1,1
DA:2,1
DA:3,1
DA:9,1
DA:26,3
DA:27,1
DA:28,1
DA:31,3
DA:33,3
DA:34,3
DA:35,3
DA:38,0
DA:51,1
DA:52,1
DA:53,1
DA:56,0
DA:73,1
DA:74,1
DA:75,1
DA:76,1
DA:79,0
DA:88,1
DA:90,1
DA:92,2
DA:93,2
DA:94,2
DA:96,2
DA:99,1
DA:111,1
DA:113,1
DA:114,1
DA:115,1
DA:117,1
DA:118,1
DA:121,0
LF:35
LH:31
BRDA:26,0,0,1
BRDA:26,0,1,2
BRDA:33,1,0,3
BRDA:33,1,1,0
BRDA:51,2,0,1
BRDA:51,2,1,0
BRDA:73,3,0,1
BRDA:73,3,1,0
BRDA:111,4,0,1
BRDA:111,4,1,0
BRF:10
BRH:6
end_of_record
TN:
SF:src/note.ts
FN:9,(anonymous_0)
FN:22,(anonymous_1)
FN:30,(anonymous_2)
FN:38,(anonymous_3)
FN:46,(anonymous_4)
FN:54,(anonymous_5)
FN:62,(anonymous_6)
FN:70,(anonymous_7)
FNF:8
FNH:8
FNDA:10,(anonymous_0)
FNDA:3,(anonymous_1)
FNDA:1,(anonymous_2)
FNDA:4,(anonymous_3)
FNDA:1,(anonymous_4)
FNDA:3,(anonymous_5)
FNDA:1,(anonymous_6)
FNDA:5,(anonymous_7)
DA:1,1
DA:10,10
DA:11,10
DA:12,10
DA:13,10
DA:14,10
DA:15,10
DA:23,3
DA:31,1
DA:39,4
DA:47,1
DA:55,3
DA:63,1
DA:71,5
LF:14
LH:14
BRF:0
BRH:0
end_of_record
